<?xml version="1.0" encoding="UTF-8"?>
<!-- Generated by org.testng.reporters.JUnitXMLReporter -->
<testsuite ignored="0" hostname="Prabhus-MacBook-Pro.local" failures="0" tests="11" name="Surefire test" time="97.308" errors="0" timestamp="2024-11-30T12:56:16 IST">
  <testcase classname="io.cucumber.testng.AbstractTestNGCucumberTests" name="runScenario" time="17.715"/>
  <testcase classname="io.cucumber.testng.AbstractTestNGCucumberTests" name="runScenario" time="6.751"/>
  <testcase classname="io.cucumber.testng.AbstractTestNGCucumberTests" name="runScenario" time="7.457"/>
  <testcase classname="io.cucumber.testng.AbstractTestNGCucumberTests" name="runScenario" time="7.479"/>
  <testcase classname="usa.airlines.path2usa.travelcalendar.CalendarTravelDatePickerTest" name="acceptTerms" time="10.028">
    <skipped/>
  </testcase> <!-- acceptTerms -->
  <testcase classname="usa.airlines.path2usa.travelcalendar.CalendarTravelDatePickerTest" name="selectDateOfTravel" time="3.526"/>
  <testcase classname="usa.airlines.path2usa.travelcalendar.CalendarTravelDatePickerTest" name="selectDateOfTravel" time="3.511"/>
  <testcase classname="usa.airlines.path2usa.travelcalendar.CalendarTravelDatePickerTest" name="selectDateOfTravel" time="3.855"/>
  <testcase classname="usa.airlines.path2usa.travelcalendar.CalendarTravelDatePickerTest" name="selectDateOfTravel" time="3.478"/>
  <testcase classname="usa.airlines.path2usa.travelcalendar.CalendarTravelDatePickerTest" name="verifyDepartureDatesAreDisabledBeforeTodayDate" time="2.815"/>
  <testcase classname="usa.airlines.path2usa.travelcalendar.CalendarTravelDatePickerTest" name="verifyTodayDateIsHighlightedInCalendar" time="2.115"/>
</testsuite> <!-- Surefire test -->
