<?xml version="1.0" encoding="UTF-8"?>
<testsuite xmlns:xsi="http://www.w3.org/2001/XMLSchema-instance" xsi:noNamespaceSchemaLocation="https://maven.apache.org/surefire/maven-surefire-plugin/xsd/surefire-test-report-3.0.xsd" version="3.0" name="TestSuite" time="97.588" tests="11" errors="0" skipped="1" failures="0">
  <properties>
[...]
</properties>
  <testcase name="runScenario[&quot;Highlight Current Date in Calendar&quot;, &quot;Calendar Date Picker for Departure Flight&quot;](1)" classname="usa.airlines.path2usa.cucumber.TestNgTestRunner" time="17.717">
    <system-out><![CDATA[12:54:42.009 [main] INFO  i.g.bonigarcia.wdm.WebDriverManager - Using chromedriver 131.0.6778.85 (resolved driver for Chrome 131)
12:54:42.519 [main] INFO  i.g.bonigarcia.wdm.online.Downloader - Downloading https://storage.googleapis.com/chrome-for-testing-public/131.0.6778.85/mac-arm64/chromedriver-mac-arm64.zip
12:54:48.286 [main] INFO  i.g.bonigarcia.wdm.online.Downloader - Extracting driver from compressed file chromedriver-mac-arm64.zip
12:54:48.383 [main] INFO  i.g.bonigarcia.wdm.WebDriverManager - Exporting webdriver.chrome.driver as /Users/prabhuloganathan/.cache/selenium/chromedriver/mac-arm64/131.0.6778.85/chromedriver
12:54:56.796 [AsyncHttpClient-1-4] WARN  o.a.netty.handler.WebSocketHandler - onError
java.net.SocketException: Connection reset
	at java.base/sun.nio.ch.SocketChannelImpl.throwConnectionReset(SocketChannelImpl.java:401)
	at java.base/sun.nio.ch.SocketChannelImpl.read(SocketChannelImpl.java:434)
	at io.netty.buffer.PooledByteBuf.setBytes(PooledByteBuf.java:254)
	at io.netty.buffer.AbstractByteBuf.writeBytes(AbstractByteBuf.java:1132)
	at io.netty.channel.socket.nio.NioSocketChannel.doReadBytes(NioSocketChannel.java:357)
	at io.netty.channel.nio.AbstractNioByteChannel$NioByteUnsafe.read(AbstractNioByteChannel.java:151)
	at io.netty.channel.nio.NioEventLoop.processSelectedKey(NioEventLoop.java:788)
	at io.netty.channel.nio.NioEventLoop.processSelectedKeysOptimized(NioEventLoop.java:724)
	at io.netty.channel.nio.NioEventLoop.processSelectedKeys(NioEventLoop.java:650)
	at io.netty.channel.nio.NioEventLoop.run(NioEventLoop.java:562)
	at io.netty.util.concurrent.SingleThreadEventExecutor$4.run(SingleThreadEventExecutor.java:997)
	at io.netty.util.internal.ThreadExecutorMap$2.run(ThreadExecutorMap.java:74)
	at io.netty.util.concurrent.FastThreadLocalRunnable.run(FastThreadLocalRunnable.java:30)
	at java.base/java.lang.Thread.run(Thread.java:1583)
]]></system-out>
    <system-err><![CDATA[Nov 30, 2024 12:54:50 PM org.openqa.selenium.devtools.CdpVersionFinder findNearestMatch
WARNING: Unable to find CDP implementation matching 131
Nov 30, 2024 12:54:50 PM org.openqa.selenium.chromium.ChromiumDriver lambda$new$5
WARNING: Unable to find version of CDP to use for 131.0.6778.86. You may need to include a dependency on a specific version of the CDP using something similar to `org.seleniumhq.selenium:selenium-devtools-v86:4.13.0` where the version ("v86") matches the version of the chromium-based browser you're using and the version number of the artifact is the same as Selenium's.
Nov 30, 2024 12:54:56 PM org.openqa.selenium.remote.http.WebSocket$Listener onError
WARNING: Connection reset
java.net.SocketException: Connection reset
	at java.base/sun.nio.ch.SocketChannelImpl.throwConnectionReset(SocketChannelImpl.java:401)
	at java.base/sun.nio.ch.SocketChannelImpl.read(SocketChannelImpl.java:434)
	at io.netty.buffer.PooledByteBuf.setBytes(PooledByteBuf.java:254)
	at io.netty.buffer.AbstractByteBuf.writeBytes(AbstractByteBuf.java:1132)
	at io.netty.channel.socket.nio.NioSocketChannel.doReadBytes(NioSocketChannel.java:357)
	at io.netty.channel.nio.AbstractNioByteChannel$NioByteUnsafe.read(AbstractNioByteChannel.java:151)
	at io.netty.channel.nio.NioEventLoop.processSelectedKey(NioEventLoop.java:788)
	at io.netty.channel.nio.NioEventLoop.processSelectedKeysOptimized(NioEventLoop.java:724)
	at io.netty.channel.nio.NioEventLoop.processSelectedKeys(NioEventLoop.java:650)
	at io.netty.channel.nio.NioEventLoop.run(NioEventLoop.java:562)
	at io.netty.util.concurrent.SingleThreadEventExecutor$4.run(SingleThreadEventExecutor.java:997)
	at io.netty.util.internal.ThreadExecutorMap$2.run(ThreadExecutorMap.java:74)
	at io.netty.util.concurrent.FastThreadLocalRunnable.run(FastThreadLocalRunnable.java:30)
	at java.base/java.lang.Thread.run(Thread.java:1583)

]]></system-err>
  </testcase>
  <testcase name="runScenario[&quot;Disable Dates Before Today in Calendar&quot;, &quot;Calendar Date Picker for Departure Flight&quot;](2)" classname="usa.airlines.path2usa.cucumber.TestNgTestRunner" time="6.749">
    <system-out><![CDATA[12:54:56.952 [main] INFO  i.g.bonigarcia.wdm.WebDriverManager - Using chromedriver 131.0.6778.85 (resolved driver for Chrome 131)
12:54:56.955 [main] INFO  i.g.bonigarcia.wdm.WebDriverManager - Exporting webdriver.chrome.driver as /Users/prabhuloganathan/.cache/selenium/chromedriver/mac-arm64/131.0.6778.85/chromedriver
]]></system-out>
    <system-err><![CDATA[Nov 30, 2024 12:54:57 PM org.openqa.selenium.devtools.CdpVersionFinder findNearestMatch
WARNING: Unable to find CDP implementation matching 131
Nov 30, 2024 12:54:57 PM org.openqa.selenium.chromium.ChromiumDriver lambda$new$5
WARNING: Unable to find version of CDP to use for 131.0.6778.86. You may need to include a dependency on a specific version of the CDP using something similar to `org.seleniumhq.selenium:selenium-devtools-v86:4.13.0` where the version ("v86") matches the version of the chromium-based browser you're using and the version number of the artifact is the same as Selenium's.
]]></system-err>
  </testcase>
  <testcase name="runScenario[&quot;Select Travel Date from Calendar&quot;, &quot;Calendar Date Picker for Departure Flight&quot;](3)" classname="usa.airlines.path2usa.cucumber.TestNgTestRunner" time="7.459">
    <system-out><![CDATA[12:55:03.660 [main] INFO  i.g.bonigarcia.wdm.WebDriverManager - Using chromedriver 131.0.6778.85 (resolved driver for Chrome 131)
12:55:03.662 [main] INFO  i.g.bonigarcia.wdm.WebDriverManager - Exporting webdriver.chrome.driver as /Users/prabhuloganathan/.cache/selenium/chromedriver/mac-arm64/131.0.6778.85/chromedriver
]]></system-out>
    <system-err><![CDATA[Nov 30, 2024 12:55:04 PM org.openqa.selenium.devtools.CdpVersionFinder findNearestMatch
WARNING: Unable to find CDP implementation matching 131
Nov 30, 2024 12:55:04 PM org.openqa.selenium.chromium.ChromiumDriver lambda$new$5
WARNING: Unable to find version of CDP to use for 131.0.6778.86. You may need to include a dependency on a specific version of the CDP using something similar to `org.seleniumhq.selenium:selenium-devtools-v86:4.13.0` where the version ("v86") matches the version of the chromium-based browser you're using and the version number of the artifact is the same as Selenium's.
]]></system-err>
  </testcase>
  <testcase name="runScenario[&quot;Select Travel Date from Calendar&quot;, &quot;Calendar Date Picker for Departure Flight&quot;](4)" classname="usa.airlines.path2usa.cucumber.TestNgTestRunner" time="7.478">
    <system-out><![CDATA[12:55:11.117 [main] INFO  i.g.bonigarcia.wdm.WebDriverManager - Using chromedriver 131.0.6778.85 (resolved driver for Chrome 131)
12:55:11.121 [main] INFO  i.g.bonigarcia.wdm.WebDriverManager - Exporting webdriver.chrome.driver as /Users/prabhuloganathan/.cache/selenium/chromedriver/mac-arm64/131.0.6778.85/chromedriver
]]></system-out>
    <system-err><![CDATA[Nov 30, 2024 12:55:11 PM org.openqa.selenium.devtools.CdpVersionFinder findNearestMatch
WARNING: Unable to find CDP implementation matching 131
Nov 30, 2024 12:55:11 PM org.openqa.selenium.chromium.ChromiumDriver lambda$new$5
WARNING: Unable to find version of CDP to use for 131.0.6778.86. You may need to include a dependency on a specific version of the CDP using something similar to `org.seleniumhq.selenium:selenium-devtools-v86:4.13.0` where the version ("v86") matches the version of the chromium-based browser you're using and the version number of the artifact is the same as Selenium's.
]]></system-err>
  </testcase>
  <testcase name="acceptTerms" classname="usa.airlines.path2usa.travelcalendar.CalendarTravelDatePickerTest" time="0.0">
    <skipped message="Skipping test due to missing consent message"/>
    <system-out><![CDATA[12:55:18.616 [main] INFO  i.g.bonigarcia.wdm.WebDriverManager - Using chromedriver 131.0.6778.85 (resolved driver for Chrome 131)
12:55:18.622 [main] INFO  i.g.bonigarcia.wdm.WebDriverManager - Exporting webdriver.chrome.driver as /Users/prabhuloganathan/.cache/selenium/chromedriver/mac-arm64/131.0.6778.85/chromedriver
12:55:32.897 [main] ERROR u.a.p.t.CalendarTravelDatePickerTest - Consent message did not appear within the specified time. Skipping the test.
]]></system-out>
    <system-err><![CDATA[Nov 30, 2024 12:55:19 PM org.openqa.selenium.devtools.CdpVersionFinder findNearestMatch
WARNING: Unable to find CDP implementation matching 131
Nov 30, 2024 12:55:19 PM org.openqa.selenium.chromium.ChromiumDriver lambda$new$5
WARNING: Unable to find version of CDP to use for 131.0.6778.86. You may need to include a dependency on a specific version of the CDP using something similar to `org.seleniumhq.selenium:selenium-devtools-v86:4.13.0` where the version ("v86") matches the version of the chromium-based browser you're using and the version number of the artifact is the same as Selenium's.
]]></system-err>
  </testcase>
  <testcase name="selectDateOfTravel[29, June, 2032](1)" classname="usa.airlines.path2usa.travelcalendar.CalendarTravelDatePickerTest" time="3.526">
    <system-out><![CDATA[12:55:33.101 [main] INFO  i.g.bonigarcia.wdm.WebDriverManager - Using chromedriver 131.0.6778.85 (resolved driver for Chrome 131)
12:55:33.105 [main] INFO  i.g.bonigarcia.wdm.WebDriverManager - Exporting webdriver.chrome.driver as /Users/prabhuloganathan/.cache/selenium/chromedriver/mac-arm64/131.0.6778.85/chromedriver
12:55:36.802 [main] INFO  u.a.p.t.CalendarTravelDatePickerTest - Desired date: 29-June-2032
]]></system-out>
    <system-err><![CDATA[Nov 30, 2024 12:55:33 PM org.openqa.selenium.devtools.CdpVersionFinder findNearestMatch
WARNING: Unable to find CDP implementation matching 131
Nov 30, 2024 12:55:33 PM org.openqa.selenium.chromium.ChromiumDriver lambda$new$5
WARNING: Unable to find version of CDP to use for 131.0.6778.86. You may need to include a dependency on a specific version of the CDP using something similar to `org.seleniumhq.selenium:selenium-devtools-v86:4.13.0` where the version ("v86") matches the version of the chromium-based browser you're using and the version number of the artifact is the same as Selenium's.
]]></system-err>
  </testcase>
  <testcase name="selectDateOfTravel[18, January, 2026](2)" classname="usa.airlines.path2usa.travelcalendar.CalendarTravelDatePickerTest" time="3.511">
    <system-out><![CDATA[12:55:40.473 [main] INFO  i.g.bonigarcia.wdm.WebDriverManager - Using chromedriver 131.0.6778.85 (resolved driver for Chrome 131)
12:55:40.475 [main] INFO  i.g.bonigarcia.wdm.WebDriverManager - Exporting webdriver.chrome.driver as /Users/prabhuloganathan/.cache/selenium/chromedriver/mac-arm64/131.0.6778.85/chromedriver
12:55:44.552 [main] INFO  u.a.p.t.CalendarTravelDatePickerTest - Desired date: 18-January-2026
]]></system-out>
    <system-err><![CDATA[Nov 30, 2024 12:55:41 PM org.openqa.selenium.devtools.CdpVersionFinder findNearestMatch
WARNING: Unable to find CDP implementation matching 131
Nov 30, 2024 12:55:41 PM org.openqa.selenium.chromium.ChromiumDriver lambda$new$5
WARNING: Unable to find version of CDP to use for 131.0.6778.86. You may need to include a dependency on a specific version of the CDP using something similar to `org.seleniumhq.selenium:selenium-devtools-v86:4.13.0` where the version ("v86") matches the version of the chromium-based browser you're using and the version number of the artifact is the same as Selenium's.
]]></system-err>
  </testcase>
  <testcase name="selectDateOfTravel[31, July, 2041](3)" classname="usa.airlines.path2usa.travelcalendar.CalendarTravelDatePickerTest" time="3.855">
    <system-out><![CDATA[12:55:48.209 [main] INFO  i.g.bonigarcia.wdm.WebDriverManager - Using chromedriver 131.0.6778.85 (resolved driver for Chrome 131)
12:55:48.213 [main] INFO  i.g.bonigarcia.wdm.WebDriverManager - Exporting webdriver.chrome.driver as /Users/prabhuloganathan/.cache/selenium/chromedriver/mac-arm64/131.0.6778.85/chromedriver
12:55:52.585 [main] INFO  u.a.p.t.CalendarTravelDatePickerTest - Desired date: 31-July-2041
]]></system-out>
    <system-err><![CDATA[Nov 30, 2024 12:55:48 PM org.openqa.selenium.devtools.CdpVersionFinder findNearestMatch
WARNING: Unable to find CDP implementation matching 131
Nov 30, 2024 12:55:48 PM org.openqa.selenium.chromium.ChromiumDriver lambda$new$5
WARNING: Unable to find version of CDP to use for 131.0.6778.86. You may need to include a dependency on a specific version of the CDP using something similar to `org.seleniumhq.selenium:selenium-devtools-v86:4.13.0` where the version ("v86") matches the version of the chromium-based browser you're using and the version number of the artifact is the same as Selenium's.
]]></system-err>
  </testcase>
  <testcase name="selectDateOfTravel[15, March, 2028](4)" classname="usa.airlines.path2usa.travelcalendar.CalendarTravelDatePickerTest" time="3.477">
    <system-out><![CDATA[12:55:56.554 [main] INFO  i.g.bonigarcia.wdm.WebDriverManager - Using chromedriver 131.0.6778.85 (resolved driver for Chrome 131)
12:55:56.560 [main] INFO  i.g.bonigarcia.wdm.WebDriverManager - Exporting webdriver.chrome.driver as /Users/prabhuloganathan/.cache/selenium/chromedriver/mac-arm64/131.0.6778.85/chromedriver
12:56:00.453 [main] INFO  u.a.p.t.CalendarTravelDatePickerTest - Desired date: 15-March-2028
]]></system-out>
    <system-err><![CDATA[Nov 30, 2024 12:55:57 PM org.openqa.selenium.devtools.CdpVersionFinder findNearestMatch
WARNING: Unable to find CDP implementation matching 131
Nov 30, 2024 12:55:57 PM org.openqa.selenium.chromium.ChromiumDriver lambda$new$5
WARNING: Unable to find version of CDP to use for 131.0.6778.86. You may need to include a dependency on a specific version of the CDP using something similar to `org.seleniumhq.selenium:selenium-devtools-v86:4.13.0` where the version ("v86") matches the version of the chromium-based browser you're using and the version number of the artifact is the same as Selenium's.
]]></system-err>
  </testcase>
  <testcase name="verifyDepartureDatesAreDisabledBeforeTodayDate" classname="usa.airlines.path2usa.travelcalendar.CalendarTravelDatePickerTest" time="2.814">
    <system-out><![CDATA[12:56:04.044 [main] INFO  i.g.bonigarcia.wdm.WebDriverManager - Using chromedriver 131.0.6778.85 (resolved driver for Chrome 131)
12:56:04.048 [main] INFO  i.g.bonigarcia.wdm.WebDriverManager - Exporting webdriver.chrome.driver as /Users/prabhuloganathan/.cache/selenium/chromedriver/mac-arm64/131.0.6778.85/chromedriver
]]></system-out>
    <system-err><![CDATA[Nov 30, 2024 12:56:04 PM org.openqa.selenium.devtools.CdpVersionFinder findNearestMatch
WARNING: Unable to find CDP implementation matching 131
Nov 30, 2024 12:56:04 PM org.openqa.selenium.chromium.ChromiumDriver lambda$new$5
WARNING: Unable to find version of CDP to use for 131.0.6778.86. You may need to include a dependency on a specific version of the CDP using something similar to `org.seleniumhq.selenium:selenium-devtools-v86:4.13.0` where the version ("v86") matches the version of the chromium-based browser you're using and the version number of the artifact is the same as Selenium's.
]]></system-err>
  </testcase>
  <testcase name="verifyTodayDateIsHighlightedInCalendar" classname="usa.airlines.path2usa.travelcalendar.CalendarTravelDatePickerTest" time="2.114">
    <system-out><![CDATA[12:56:10.475 [main] INFO  i.g.bonigarcia.wdm.WebDriverManager - Using chromedriver 131.0.6778.85 (resolved driver for Chrome 131)
12:56:10.477 [main] INFO  i.g.bonigarcia.wdm.WebDriverManager - Exporting webdriver.chrome.driver as /Users/prabhuloganathan/.cache/selenium/chromedriver/mac-arm64/131.0.6778.85/chromedriver
]]></system-out>
    <system-err><![CDATA[Nov 30, 2024 12:56:11 PM org.openqa.selenium.devtools.CdpVersionFinder findNearestMatch
WARNING: Unable to find CDP implementation matching 131
Nov 30, 2024 12:56:11 PM org.openqa.selenium.chromium.ChromiumDriver lambda$new$5
WARNING: Unable to find version of CDP to use for 131.0.6778.86. You may need to include a dependency on a specific version of the CDP using something similar to `org.seleniumhq.selenium:selenium-devtools-v86:4.13.0` where the version ("v86") matches the version of the chromium-based browser you're using and the version number of the artifact is the same as Selenium's.
]]></system-err>
  </testcase>
</testsuite>