<?xml version="1.0" encoding="UTF-8"?>
<testng-results ignored="0" total="11" passed="10" failed="0" skipped="1">
  <reporter-output>
  </reporter-output>
  <suite started-at="2024-11-30T12:54:38 IST" name="Surefire suite" finished-at="2024-11-30T12:56:16 IST" duration-ms="97308">
    <groups>
      <group name="cucumber">
        <method signature="AbstractTestNGCucumberTests.runScenario(io.cucumber.testng.PickleWrapper,io.cucumber.testng.FeatureWrapper)[pri:0, instance:usa.airlines.path2usa.cucumber.TestNgTestRunner@235ecd9f]" name="runScenario" class="io.cucumber.testng.AbstractTestNGCucumberTests"/>
      </group> <!-- cucumber -->
    </groups>
    <test started-at="2024-11-30T12:54:38 IST" name="Surefire test" finished-at="2024-11-30T12:56:16 IST" duration-ms="97308">
      <class name="usa.airlines.path2usa.travelcalendar.CalendarTravelDatePickerTest">
        <test-method is-config="true" signature="setup()[pri:0, instance:usa.airlines.path2usa.travelcalendar.CalendarTravelDatePickerTest@548d708a]" started-at="2024-11-30T12:55:18 IST" name="setup" finished-at="2024-11-30T12:55:22 IST" duration-ms="4260" status="PASS">
          <reporter-output>
          </reporter-output>
        </test-method> <!-- setup -->
        <test-method signature="acceptTerms()[pri:0, instance:usa.airlines.path2usa.travelcalendar.CalendarTravelDatePickerTest@548d708a]" started-at="2024-11-30T12:55:22 IST" name="acceptTerms" finished-at="2024-11-30T12:55:32 IST" duration-ms="10028" status="SKIP">
          <exception class="org.testng.SkipException">
            <message>
              <![CDATA[Skipping test due to missing consent message]]>
            </message>
            <full-stacktrace>
              <![CDATA[org.testng.SkipException: Skipping test due to missing consent message
at usa.airlines.path2usa.travelcalendar.CalendarTravelDatePickerTest.acceptTerms(CalendarTravelDatePickerTest.java:56)
at java.base/jdk.internal.reflect.DirectMethodHandleAccessor.invoke(DirectMethodHandleAccessor.java:103)
at java.base/java.lang.reflect.Method.invoke(Method.java:580)
at org.testng.internal.invokers.MethodInvocationHelper.invokeMethod(MethodInvocationHelper.java:139)
at org.testng.internal.invokers.TestInvoker.invokeMethod(TestInvoker.java:664)
at org.testng.internal.invokers.TestInvoker.invokeTestMethod(TestInvoker.java:228)
at org.testng.internal.invokers.MethodRunner.runInSequence(MethodRunner.java:63)
at org.testng.internal.invokers.TestInvoker$MethodInvocationAgent.invoke(TestInvoker.java:961)
at org.testng.internal.invokers.TestInvoker.invokeTestMethods(TestInvoker.java:201)
at org.testng.internal.invokers.TestMethodWorker.invokeTestMethods(TestMethodWorker.java:148)
at org.testng.internal.invokers.TestMethodWorker.run(TestMethodWorker.java:128)
at java.base/java.util.ArrayList.forEach(ArrayList.java:1596)
at org.testng.TestRunner.privateRun(TestRunner.java:819)
at org.testng.TestRunner.run(TestRunner.java:619)
at org.testng.SuiteRunner.runTest(SuiteRunner.java:443)
at org.testng.SuiteRunner.runSequentially(SuiteRunner.java:437)
at org.testng.SuiteRunner.privateRun(SuiteRunner.java:397)
at org.testng.SuiteRunner.run(SuiteRunner.java:336)
at org.testng.SuiteRunnerWorker.runSuite(SuiteRunnerWorker.java:52)
at org.testng.SuiteRunnerWorker.run(SuiteRunnerWorker.java:95)
at org.testng.TestNG.runSuitesSequentially(TestNG.java:1301)
at org.testng.TestNG.runSuitesLocally(TestNG.java:1228)
at org.testng.TestNG.runSuites(TestNG.java:1134)
at org.testng.TestNG.run(TestNG.java:1101)
at org.apache.maven.surefire.testng.TestNGExecutor.run(TestNGExecutor.java:155)
at org.apache.maven.surefire.testng.TestNGDirectoryTestSuite.executeMulti(TestNGDirectoryTestSuite.java:169)
at org.apache.maven.surefire.testng.TestNGDirectoryTestSuite.execute(TestNGDirectoryTestSuite.java:88)
at org.apache.maven.surefire.testng.TestNGProvider.invoke(TestNGProvider.java:137)
at org.apache.maven.surefire.booter.ForkedBooter.runSuitesInProcess(ForkedBooter.java:385)
at org.apache.maven.surefire.booter.ForkedBooter.execute(ForkedBooter.java:162)
at org.apache.maven.surefire.booter.ForkedBooter.run(ForkedBooter.java:507)
at org.apache.maven.surefire.booter.ForkedBooter.main(ForkedBooter.java:495)
]]>
            </full-stacktrace>
          </exception> <!-- org.testng.SkipException -->
          <reporter-output>
          </reporter-output>
        </test-method> <!-- acceptTerms -->
        <test-method is-config="true" signature="tearDown()[pri:0, instance:usa.airlines.path2usa.travelcalendar.CalendarTravelDatePickerTest@548d708a]" started-at="2024-11-30T12:55:32 IST" name="tearDown" finished-at="2024-11-30T12:55:33 IST" duration-ms="130" status="PASS">
          <reporter-output>
          </reporter-output>
        </test-method> <!-- tearDown -->
        <test-method is-config="true" signature="setup()[pri:0, instance:usa.airlines.path2usa.travelcalendar.CalendarTravelDatePickerTest@548d708a]" started-at="2024-11-30T12:55:33 IST" name="setup" finished-at="2024-11-30T12:55:36 IST" duration-ms="3706" status="PASS">
          <reporter-output>
          </reporter-output>
        </test-method> <!-- setup -->
        <test-method signature="selectDateOfTravel(int,java.lang.String,int)[pri:0, instance:usa.airlines.path2usa.travelcalendar.CalendarTravelDatePickerTest@548d708a]" started-at="2024-11-30T12:55:36 IST" name="selectDateOfTravel" data-provider="dateProvider" finished-at="2024-11-30T12:55:40 IST" duration-ms="3526" status="PASS">
          <params>
            <param index="0">
              <value>
                <![CDATA[29]]>
              </value>
            </param>
            <param index="1">
              <value>
                <![CDATA[June]]>
              </value>
            </param>
            <param index="2">
              <value>
                <![CDATA[2032]]>
              </value>
            </param>
          </params>
          <reporter-output>
          </reporter-output>
        </test-method> <!-- selectDateOfTravel -->
        <test-method is-config="true" signature="tearDown()[pri:0, instance:usa.airlines.path2usa.travelcalendar.CalendarTravelDatePickerTest@548d708a]" started-at="2024-11-30T12:55:40 IST" name="tearDown" finished-at="2024-11-30T12:55:40 IST" duration-ms="136" status="PASS">
          <reporter-output>
          </reporter-output>
        </test-method> <!-- tearDown -->
        <test-method is-config="true" signature="setup()[pri:0, instance:usa.airlines.path2usa.travelcalendar.CalendarTravelDatePickerTest@548d708a]" started-at="2024-11-30T12:55:40 IST" name="setup" finished-at="2024-11-30T12:55:44 IST" duration-ms="4087" status="PASS">
          <reporter-output>
          </reporter-output>
        </test-method> <!-- setup -->
        <test-method signature="selectDateOfTravel(int,java.lang.String,int)[pri:0, instance:usa.airlines.path2usa.travelcalendar.CalendarTravelDatePickerTest@548d708a]" started-at="2024-11-30T12:55:44 IST" name="selectDateOfTravel" data-provider="dateProvider" finished-at="2024-11-30T12:55:48 IST" duration-ms="3511" status="PASS">
          <params>
            <param index="0">
              <value>
                <![CDATA[18]]>
              </value>
            </param>
            <param index="1">
              <value>
                <![CDATA[January]]>
              </value>
            </param>
            <param index="2">
              <value>
                <![CDATA[2026]]>
              </value>
            </param>
          </params>
          <reporter-output>
          </reporter-output>
        </test-method> <!-- selectDateOfTravel -->
        <test-method is-config="true" signature="tearDown()[pri:0, instance:usa.airlines.path2usa.travelcalendar.CalendarTravelDatePickerTest@548d708a]" started-at="2024-11-30T12:55:48 IST" name="tearDown" finished-at="2024-11-30T12:55:48 IST" duration-ms="141" status="PASS">
          <reporter-output>
          </reporter-output>
        </test-method> <!-- tearDown -->
        <test-method is-config="true" signature="setup()[pri:0, instance:usa.airlines.path2usa.travelcalendar.CalendarTravelDatePickerTest@548d708a]" started-at="2024-11-30T12:55:48 IST" name="setup" finished-at="2024-11-30T12:55:52 IST" duration-ms="4381" status="PASS">
          <reporter-output>
          </reporter-output>
        </test-method> <!-- setup -->
        <test-method signature="selectDateOfTravel(int,java.lang.String,int)[pri:0, instance:usa.airlines.path2usa.travelcalendar.CalendarTravelDatePickerTest@548d708a]" started-at="2024-11-30T12:55:52 IST" name="selectDateOfTravel" data-provider="dateProvider" finished-at="2024-11-30T12:55:56 IST" duration-ms="3855" status="PASS">
          <params>
            <param index="0">
              <value>
                <![CDATA[31]]>
              </value>
            </param>
            <param index="1">
              <value>
                <![CDATA[July]]>
              </value>
            </param>
            <param index="2">
              <value>
                <![CDATA[2041]]>
              </value>
            </param>
          </params>
          <reporter-output>
          </reporter-output>
        </test-method> <!-- selectDateOfTravel -->
        <test-method is-config="true" signature="tearDown()[pri:0, instance:usa.airlines.path2usa.travelcalendar.CalendarTravelDatePickerTest@548d708a]" started-at="2024-11-30T12:55:56 IST" name="tearDown" finished-at="2024-11-30T12:55:56 IST" duration-ms="107" status="PASS">
          <reporter-output>
          </reporter-output>
        </test-method> <!-- tearDown -->
        <test-method is-config="true" signature="setup()[pri:0, instance:usa.airlines.path2usa.travelcalendar.CalendarTravelDatePickerTest@548d708a]" started-at="2024-11-30T12:55:56 IST" name="setup" finished-at="2024-11-30T12:56:00 IST" duration-ms="3905" status="PASS">
          <reporter-output>
          </reporter-output>
        </test-method> <!-- setup -->
        <test-method signature="selectDateOfTravel(int,java.lang.String,int)[pri:0, instance:usa.airlines.path2usa.travelcalendar.CalendarTravelDatePickerTest@548d708a]" started-at="2024-11-30T12:56:00 IST" name="selectDateOfTravel" data-provider="dateProvider" finished-at="2024-11-30T12:56:03 IST" duration-ms="3478" status="PASS">
          <params>
            <param index="0">
              <value>
                <![CDATA[15]]>
              </value>
            </param>
            <param index="1">
              <value>
                <![CDATA[March]]>
              </value>
            </param>
            <param index="2">
              <value>
                <![CDATA[2028]]>
              </value>
            </param>
          </params>
          <reporter-output>
          </reporter-output>
        </test-method> <!-- selectDateOfTravel -->
        <test-method is-config="true" signature="tearDown()[pri:0, instance:usa.airlines.path2usa.travelcalendar.CalendarTravelDatePickerTest@548d708a]" started-at="2024-11-30T12:56:03 IST" name="tearDown" finished-at="2024-11-30T12:56:04 IST" duration-ms="107" status="PASS">
          <reporter-output>
          </reporter-output>
        </test-method> <!-- tearDown -->
        <test-method is-config="true" signature="setup()[pri:0, instance:usa.airlines.path2usa.travelcalendar.CalendarTravelDatePickerTest@548d708a]" started-at="2024-11-30T12:56:04 IST" name="setup" finished-at="2024-11-30T12:56:07 IST" duration-ms="3478" status="PASS">
          <reporter-output>
          </reporter-output>
        </test-method> <!-- setup -->
        <test-method signature="verifyDepartureDatesAreDisabledBeforeTodayDate()[pri:0, instance:usa.airlines.path2usa.travelcalendar.CalendarTravelDatePickerTest@548d708a]" started-at="2024-11-30T12:56:07 IST" name="verifyDepartureDatesAreDisabledBeforeTodayDate" finished-at="2024-11-30T12:56:10 IST" duration-ms="2815" status="PASS">
          <reporter-output>
          </reporter-output>
        </test-method> <!-- verifyDepartureDatesAreDisabledBeforeTodayDate -->
        <test-method is-config="true" signature="tearDown()[pri:0, instance:usa.airlines.path2usa.travelcalendar.CalendarTravelDatePickerTest@548d708a]" started-at="2024-11-30T12:56:10 IST" name="tearDown" finished-at="2024-11-30T12:56:10 IST" duration-ms="138" status="PASS">
          <reporter-output>
          </reporter-output>
        </test-method> <!-- tearDown -->
        <test-method is-config="true" signature="setup()[pri:0, instance:usa.airlines.path2usa.travelcalendar.CalendarTravelDatePickerTest@548d708a]" started-at="2024-11-30T12:56:10 IST" name="setup" finished-at="2024-11-30T12:56:14 IST" duration-ms="3591" status="PASS">
          <reporter-output>
          </reporter-output>
        </test-method> <!-- setup -->
        <test-method signature="verifyTodayDateIsHighlightedInCalendar()[pri:0, instance:usa.airlines.path2usa.travelcalendar.CalendarTravelDatePickerTest@548d708a]" started-at="2024-11-30T12:56:14 IST" name="verifyTodayDateIsHighlightedInCalendar" finished-at="2024-11-30T12:56:16 IST" duration-ms="2115" status="PASS">
          <reporter-output>
          </reporter-output>
        </test-method> <!-- verifyTodayDateIsHighlightedInCalendar -->
        <test-method is-config="true" signature="tearDown()[pri:0, instance:usa.airlines.path2usa.travelcalendar.CalendarTravelDatePickerTest@548d708a]" started-at="2024-11-30T12:56:16 IST" name="tearDown" finished-at="2024-11-30T12:56:16 IST" duration-ms="117" status="PASS">
          <reporter-output>
          </reporter-output>
        </test-method> <!-- tearDown -->
      </class> <!-- usa.airlines.path2usa.travelcalendar.CalendarTravelDatePickerTest -->
      <class name="usa.airlines.path2usa.cucumber.TestNgTestRunner">
        <test-method is-config="true" signature="setUpClass(org.testng.ITestContext)[pri:0, instance:usa.airlines.path2usa.cucumber.TestNgTestRunner@235ecd9f]" started-at="2024-11-30T12:54:38 IST" name="setUpClass" finished-at="2024-11-30T12:54:39 IST" duration-ms="187" status="PASS">
          <params>
            <param index="0">
              <value>
                <![CDATA[org.testng.TestRunner@59cb10e0]]>
              </value>
            </param>
          </params>
          <reporter-output>
          </reporter-output>
        </test-method> <!-- setUpClass -->
        <test-method signature="runScenario(io.cucumber.testng.PickleWrapper,io.cucumber.testng.FeatureWrapper)[pri:0, instance:usa.airlines.path2usa.cucumber.TestNgTestRunner@235ecd9f]" started-at="2024-11-30T12:54:39 IST" name="runScenario" description="Runs Cucumber Scenarios" data-provider="scenarios" finished-at="2024-11-30T12:54:56 IST" duration-ms="17715" status="PASS">
          <params>
            <param index="0">
              <value>
                <![CDATA["Highlight Current Date in Calendar"]]>
              </value>
            </param>
            <param index="1">
              <value>
                <![CDATA["Calendar Date Picker for Departure Flight"]]>
              </value>
            </param>
          </params>
          <reporter-output>
          </reporter-output>
        </test-method> <!-- runScenario -->
        <test-method signature="runScenario(io.cucumber.testng.PickleWrapper,io.cucumber.testng.FeatureWrapper)[pri:0, instance:usa.airlines.path2usa.cucumber.TestNgTestRunner@235ecd9f]" started-at="2024-11-30T12:54:56 IST" name="runScenario" description="Runs Cucumber Scenarios" data-provider="scenarios" finished-at="2024-11-30T12:55:03 IST" duration-ms="6751" status="PASS">
          <params>
            <param index="0">
              <value>
                <![CDATA["Disable Dates Before Today in Calendar"]]>
              </value>
            </param>
            <param index="1">
              <value>
                <![CDATA["Calendar Date Picker for Departure Flight"]]>
              </value>
            </param>
          </params>
          <reporter-output>
          </reporter-output>
        </test-method> <!-- runScenario -->
        <test-method signature="runScenario(io.cucumber.testng.PickleWrapper,io.cucumber.testng.FeatureWrapper)[pri:0, instance:usa.airlines.path2usa.cucumber.TestNgTestRunner@235ecd9f]" started-at="2024-11-30T12:55:03 IST" name="runScenario" description="Runs Cucumber Scenarios" data-provider="scenarios" finished-at="2024-11-30T12:55:11 IST" duration-ms="7457" status="PASS">
          <params>
            <param index="0">
              <value>
                <![CDATA["Select Travel Date from Calendar"]]>
              </value>
            </param>
            <param index="1">
              <value>
                <![CDATA["Calendar Date Picker for Departure Flight"]]>
              </value>
            </param>
          </params>
          <reporter-output>
          </reporter-output>
        </test-method> <!-- runScenario -->
        <test-method signature="runScenario(io.cucumber.testng.PickleWrapper,io.cucumber.testng.FeatureWrapper)[pri:0, instance:usa.airlines.path2usa.cucumber.TestNgTestRunner@235ecd9f]" started-at="2024-11-30T12:55:11 IST" name="runScenario" description="Runs Cucumber Scenarios" data-provider="scenarios" finished-at="2024-11-30T12:55:18 IST" duration-ms="7479" status="PASS">
          <params>
            <param index="0">
              <value>
                <![CDATA["Select Travel Date from Calendar"]]>
              </value>
            </param>
            <param index="1">
              <value>
                <![CDATA["Calendar Date Picker for Departure Flight"]]>
              </value>
            </param>
          </params>
          <reporter-output>
          </reporter-output>
        </test-method> <!-- runScenario -->
        <test-method is-config="true" signature="tearDownClass()[pri:0, instance:usa.airlines.path2usa.cucumber.TestNgTestRunner@235ecd9f]" started-at="2024-11-30T12:55:18 IST" name="tearDownClass" finished-at="2024-11-30T12:55:18 IST" duration-ms="20" status="PASS">
          <reporter-output>
          </reporter-output>
        </test-method> <!-- tearDownClass -->
      </class> <!-- usa.airlines.path2usa.cucumber.TestNgTestRunner -->
    </test> <!-- Surefire test -->
  </suite> <!-- Surefire suite -->
</testng-results>
